<?xml version="1.0" encoding="UTF-8"?>
<testsuite name="com.giri.book.springboot.web.PostsControllerTest" tests="1" skipped="0" failures="0" errors="0" timestamp="2021-07-08T03:47:26" hostname="Giris-MacBookPro.local" time="0.617">
  <properties/>
  <testcase name="Posts_수정된다" classname="com.giri.book.springboot.web.PostsControllerTest" time="0.617"/>
  <system-out><![CDATA[12:47:21.520 [Test worker] DEBUG org.springframework.test.context.junit4.SpringJUnit4ClassRunner - SpringJUnit4ClassRunner constructor called with [class com.giri.book.springboot.web.PostsControllerTest]
12:47:21.528 [Test worker] DEBUG org.springframework.test.context.BootstrapUtils - Instantiating CacheAwareContextLoaderDelegate from class [org.springframework.test.context.cache.DefaultCacheAwareContextLoaderDelegate]
12:47:21.535 [Test worker] DEBUG org.springframework.test.context.BootstrapUtils - Instantiating BootstrapContext using constructor [public org.springframework.test.context.support.DefaultBootstrapContext(java.lang.Class,org.springframework.test.context.CacheAwareContextLoaderDelegate)]
12:47:21.549 [Test worker] DEBUG org.springframework.test.context.BootstrapUtils - Instantiating TestContextBootstrapper for test class [com.giri.book.springboot.web.PostsControllerTest] from class [org.springframework.boot.test.context.SpringBootTestContextBootstrapper]
12:47:21.557 [Test worker] INFO org.springframework.boot.test.context.SpringBootTestContextBootstrapper - Neither @ContextConfiguration nor @ContextHierarchy found for test class [com.giri.book.springboot.web.PostsControllerTest], using SpringBootContextLoader
12:47:21.560 [Test worker] DEBUG org.springframework.test.context.support.AbstractContextLoader - Did not detect default resource location for test class [com.giri.book.springboot.web.PostsControllerTest]: class path resource [com/giri/book/springboot/web/PostsControllerTest-context.xml] does not exist
12:47:21.560 [Test worker] DEBUG org.springframework.test.context.support.AbstractContextLoader - Did not detect default resource location for test class [com.giri.book.springboot.web.PostsControllerTest]: class path resource [com/giri/book/springboot/web/PostsControllerTestContext.groovy] does not exist
12:47:21.560 [Test worker] INFO org.springframework.test.context.support.AbstractContextLoader - Could not detect default resource locations for test class [com.giri.book.springboot.web.PostsControllerTest]: no resource found for suffixes {-context.xml, Context.groovy}.
12:47:21.561 [Test worker] INFO org.springframework.test.context.support.AnnotationConfigContextLoaderUtils - Could not detect default configuration classes for test class [com.giri.book.springboot.web.PostsControllerTest]: PostsControllerTest does not declare any static, non-private, non-final, nested classes annotated with @Configuration.
12:47:21.594 [Test worker] DEBUG org.springframework.test.context.support.ActiveProfilesUtils - Could not find an 'annotation declaring class' for annotation type [org.springframework.test.context.ActiveProfiles] and class [com.giri.book.springboot.web.PostsControllerTest]
12:47:21.675 [Test worker] DEBUG org.springframework.context.annotation.ClassPathScanningCandidateComponentProvider - Identified candidate component class: file [/Users/giri/IdeaProjects/giri-springboot2-webservice/build/classes/java/main/com/giri/book/springboot/Application.class]
12:47:21.676 [Test worker] INFO org.springframework.boot.test.context.SpringBootTestContextBootstrapper - Found @SpringBootConfiguration com.giri.book.springboot.Application for test class com.giri.book.springboot.web.PostsControllerTest
12:47:21.753 [Test worker] DEBUG org.springframework.boot.test.context.SpringBootTestContextBootstrapper - @TestExecutionListeners is not present for class [com.giri.book.springboot.web.PostsControllerTest]: using defaults.
12:47:21.753 [Test worker] INFO org.springframework.boot.test.context.SpringBootTestContextBootstrapper - Loaded default TestExecutionListener class names from location [META-INF/spring.factories]: [org.springframework.boot.test.autoconfigure.restdocs.RestDocsTestExecutionListener, org.springframework.boot.test.autoconfigure.web.client.MockRestServiceServerResetTestExecutionListener, org.springframework.boot.test.autoconfigure.web.servlet.MockMvcPrintOnlyOnFailureTestExecutionListener, org.springframework.boot.test.autoconfigure.web.servlet.WebDriverTestExecutionListener, org.springframework.boot.test.mock.mockito.MockitoTestExecutionListener, org.springframework.boot.test.mock.mockito.ResetMocksTestExecutionListener, org.springframework.test.context.web.ServletTestExecutionListener, org.springframework.test.context.support.DirtiesContextBeforeModesTestExecutionListener, org.springframework.test.context.support.DependencyInjectionTestExecutionListener, org.springframework.test.context.support.DirtiesContextTestExecutionListener, org.springframework.test.context.transaction.TransactionalTestExecutionListener, org.springframework.test.context.jdbc.SqlScriptsTestExecutionListener]
12:47:21.776 [Test worker] INFO org.springframework.boot.test.context.SpringBootTestContextBootstrapper - Using TestExecutionListeners: [org.springframework.test.context.web.ServletTestExecutionListener@3346633c, org.springframework.test.context.support.DirtiesContextBeforeModesTestExecutionListener@317df4d, org.springframework.boot.test.mock.mockito.MockitoTestExecutionListener@701e30ba, org.springframework.boot.test.autoconfigure.SpringBootDependencyInjectionTestExecutionListener@4dc150e0, org.springframework.test.context.support.DirtiesContextTestExecutionListener@4d1e95e7, org.springframework.test.context.transaction.TransactionalTestExecutionListener@704ec6be, org.springframework.test.context.jdbc.SqlScriptsTestExecutionListener@7154a3ed, org.springframework.boot.test.autoconfigure.restdocs.RestDocsTestExecutionListener@36d5bb77, org.springframework.boot.test.autoconfigure.web.client.MockRestServiceServerResetTestExecutionListener@fddb1e7, org.springframework.boot.test.autoconfigure.web.servlet.MockMvcPrintOnlyOnFailureTestExecutionListener@920fd94, org.springframework.boot.test.autoconfigure.web.servlet.WebDriverTestExecutionListener@5dbf6c96, org.springframework.boot.test.mock.mockito.ResetMocksTestExecutionListener@46aa6a55]
12:47:21.778 [Test worker] DEBUG org.springframework.test.annotation.ProfileValueUtils - Retrieved @ProfileValueSourceConfiguration [null] for test class [com.giri.book.springboot.web.PostsControllerTest]
12:47:21.778 [Test worker] DEBUG org.springframework.test.annotation.ProfileValueUtils - Retrieved ProfileValueSource type [class org.springframework.test.annotation.SystemProfileValueSource] for class [com.giri.book.springboot.web.PostsControllerTest]
12:47:21.781 [Test worker] DEBUG org.springframework.test.annotation.ProfileValueUtils - Retrieved @ProfileValueSourceConfiguration [null] for test class [com.giri.book.springboot.web.PostsControllerTest]
12:47:21.781 [Test worker] DEBUG org.springframework.test.annotation.ProfileValueUtils - Retrieved ProfileValueSource type [class org.springframework.test.annotation.SystemProfileValueSource] for class [com.giri.book.springboot.web.PostsControllerTest]
12:47:21.782 [Test worker] DEBUG org.springframework.test.annotation.ProfileValueUtils - Retrieved @ProfileValueSourceConfiguration [null] for test class [com.giri.book.springboot.web.PostsControllerTest]
12:47:21.782 [Test worker] DEBUG org.springframework.test.annotation.ProfileValueUtils - Retrieved ProfileValueSource type [class org.springframework.test.annotation.SystemProfileValueSource] for class [com.giri.book.springboot.web.PostsControllerTest]
12:47:21.784 [Test worker] DEBUG org.springframework.test.context.support.AbstractDirtiesContextTestExecutionListener - Before test class: context [DefaultTestContext@6ae15424 testClass = PostsControllerTest, testInstance = [null], testMethod = [null], testException = [null], mergedContextConfiguration = [WebMergedContextConfiguration@7368b98e testClass = PostsControllerTest, locations = '{}', classes = '{class com.giri.book.springboot.Application}', contextInitializerClasses = '[]', activeProfiles = '{}', propertySourceLocations = '{}', propertySourceProperties = '{org.springframework.boot.test.context.SpringBootTestContextBootstrapper=true, server.port=0}', contextCustomizers = set[org.springframework.boot.test.autoconfigure.properties.PropertyMappingContextCustomizer@0, org.springframework.boot.test.autoconfigure.web.servlet.WebDriverContextCustomizerFactory$Customizer@533a078d, org.springframework.boot.test.context.filter.ExcludeFilterContextCustomizer@6cc539f, org.springframework.boot.test.json.DuplicateJsonObjectContextCustomizerFactory$DuplicateJsonObjectContextCustomizer@3c380be, org.springframework.boot.test.mock.mockito.MockitoContextCustomizer@0, org.springframework.boot.test.web.client.TestRestTemplateContextCustomizer@71a529cb], resourceBasePath = 'src/main/webapp', contextLoader = 'org.springframework.boot.test.context.SpringBootContextLoader', parent = [null]], attributes = map['org.springframework.test.context.web.ServletTestExecutionListener.activateListener' -> false]], class annotated with @DirtiesContext [false] with mode [null].
12:47:21.785 [Test worker] DEBUG org.springframework.test.annotation.ProfileValueUtils - Retrieved @ProfileValueSourceConfiguration [null] for test class [com.giri.book.springboot.web.PostsControllerTest]
12:47:21.785 [Test worker] DEBUG org.springframework.test.annotation.ProfileValueUtils - Retrieved ProfileValueSource type [class org.springframework.test.annotation.SystemProfileValueSource] for class [com.giri.book.springboot.web.PostsControllerTest]
12:47:21.788 [Test worker] DEBUG org.springframework.test.context.support.DependencyInjectionTestExecutionListener - Performing dependency injection for test context [[DefaultTestContext@6ae15424 testClass = PostsControllerTest, testInstance = com.giri.book.springboot.web.PostsControllerTest@194b6fe4, testMethod = [null], testException = [null], mergedContextConfiguration = [WebMergedContextConfiguration@7368b98e testClass = PostsControllerTest, locations = '{}', classes = '{class com.giri.book.springboot.Application}', contextInitializerClasses = '[]', activeProfiles = '{}', propertySourceLocations = '{}', propertySourceProperties = '{org.springframework.boot.test.context.SpringBootTestContextBootstrapper=true, server.port=0}', contextCustomizers = set[org.springframework.boot.test.autoconfigure.properties.PropertyMappingContextCustomizer@0, org.springframework.boot.test.autoconfigure.web.servlet.WebDriverContextCustomizerFactory$Customizer@533a078d, org.springframework.boot.test.context.filter.ExcludeFilterContextCustomizer@6cc539f, org.springframework.boot.test.json.DuplicateJsonObjectContextCustomizerFactory$DuplicateJsonObjectContextCustomizer@3c380be, org.springframework.boot.test.mock.mockito.MockitoContextCustomizer@0, org.springframework.boot.test.web.client.TestRestTemplateContextCustomizer@71a529cb], resourceBasePath = 'src/main/webapp', contextLoader = 'org.springframework.boot.test.context.SpringBootContextLoader', parent = [null]], attributes = map['org.springframework.test.context.web.ServletTestExecutionListener.activateListener' -> false]]].
12:47:21.803 [Test worker] DEBUG org.springframework.test.context.support.TestPropertySourceUtils - Adding inlined properties to environment: {spring.jmx.enabled=false, org.springframework.boot.test.context.SpringBootTestContextBootstrapper=true, server.port=0}

  .   ____          _            __ _ _
 /\\ / ___'_ __ _ _(_)_ __  __ _ \ \ \ \
( ( )\___ | '_ | '_| | '_ \/ _` | \ \ \ \
 \\/  ___)| |_)| | | | | || (_| |  ) ) ) )
  '  |____| .__|_| |_|_| |_\__, | / / / /
 =========|_|==============|___/=/_/_/_/
 :: Spring Boot ::        (v2.1.7.RELEASE)

2021-07-08 12:47:21.986  INFO 21058 --- [    Test worker] c.g.b.s.web.PostsControllerTest          : Starting PostsControllerTest on Giris-MacBookPro.local with PID 21058 (started by giri in /Users/giri/IdeaProjects/giri-springboot2-webservice)
2021-07-08 12:47:21.988  INFO 21058 --- [    Test worker] c.g.b.s.web.PostsControllerTest          : No active profile set, falling back to default profiles: default
2021-07-08 12:47:22.480  INFO 21058 --- [    Test worker] .s.d.r.c.RepositoryConfigurationDelegate : Bootstrapping Spring Data repositories in DEFAULT mode.
2021-07-08 12:47:22.545  INFO 21058 --- [    Test worker] .s.d.r.c.RepositoryConfigurationDelegate : Finished Spring Data repository scanning in 57ms. Found 1 repository interfaces.
2021-07-08 12:47:22.869  INFO 21058 --- [    Test worker] trationDelegate$BeanPostProcessorChecker : Bean 'org.springframework.transaction.annotation.ProxyTransactionManagementConfiguration' of type [org.springframework.transaction.annotation.ProxyTransactionManagementConfiguration$$EnhancerBySpringCGLIB$$1c2a13ba] is not eligible for getting processed by all BeanPostProcessors (for example: not eligible for auto-proxying)
2021-07-08 12:47:23.212  INFO 21058 --- [    Test worker] o.s.b.w.embedded.tomcat.TomcatWebServer  : Tomcat initialized with port(s): 0 (http)
2021-07-08 12:47:23.236  INFO 21058 --- [    Test worker] o.apache.catalina.core.StandardService   : Starting service [Tomcat]
2021-07-08 12:47:23.237  INFO 21058 --- [    Test worker] org.apache.catalina.core.StandardEngine  : Starting Servlet engine: [Apache Tomcat/9.0.22]
2021-07-08 12:47:23.334  INFO 21058 --- [    Test worker] o.a.c.c.C.[Tomcat].[localhost].[/]       : Initializing Spring embedded WebApplicationContext
2021-07-08 12:47:23.334  INFO 21058 --- [    Test worker] o.s.web.context.ContextLoader            : Root WebApplicationContext: initialization completed in 1332 ms
2021-07-08 12:47:23.540  INFO 21058 --- [    Test worker] com.zaxxer.hikari.HikariDataSource       : HikariPool-1 - Starting...
2021-07-08 12:47:23.740  INFO 21058 --- [    Test worker] com.zaxxer.hikari.HikariDataSource       : HikariPool-1 - Start completed.
2021-07-08 12:47:23.829  INFO 21058 --- [    Test worker] o.hibernate.jpa.internal.util.LogHelper  : HHH000204: Processing PersistenceUnitInfo [
	name: default
	...]
2021-07-08 12:47:23.915  INFO 21058 --- [    Test worker] org.hibernate.Version                    : HHH000412: Hibernate Core {5.3.10.Final}
2021-07-08 12:47:23.917  INFO 21058 --- [    Test worker] org.hibernate.cfg.Environment            : HHH000206: hibernate.properties not found
2021-07-08 12:47:24.090  INFO 21058 --- [    Test worker] o.hibernate.annotations.common.Version   : HCANN000001: Hibernate Commons Annotations {5.0.4.Final}
2021-07-08 12:47:24.258  INFO 21058 --- [    Test worker] org.hibernate.dialect.Dialect            : HHH000400: Using dialect: org.hibernate.dialect.MySQL5InnoDBDialect
Hibernate: drop table if exists posts
Hibernate: create table posts (id bigint not null auto_increment, author varchar(255), content TEXT not null, title varchar(500) not null, primary key (id)) engine=InnoDB
2021-07-08 12:47:24.856  INFO 21058 --- [    Test worker] o.h.t.schema.internal.SchemaCreatorImpl  : HHH000476: Executing import script 'org.hibernate.tool.schema.internal.exec.ScriptSourceInputNonExistentImpl@62d54af0'
2021-07-08 12:47:24.859  INFO 21058 --- [    Test worker] j.LocalContainerEntityManagerFactoryBean : Initialized JPA EntityManagerFactory for persistence unit 'default'
2021-07-08 12:47:25.640  INFO 21058 --- [    Test worker] o.s.s.concurrent.ThreadPoolTaskExecutor  : Initializing ExecutorService 'applicationTaskExecutor'
2021-07-08 12:47:25.695  WARN 21058 --- [    Test worker] aWebConfiguration$JpaWebMvcConfiguration : spring.jpa.open-in-view is enabled by default. Therefore, database queries may be performed during view rendering. Explicitly configure spring.jpa.open-in-view to disable this warning
2021-07-08 12:47:25.994  INFO 21058 --- [    Test worker] o.s.b.w.embedded.tomcat.TomcatWebServer  : Tomcat started on port(s): 64642 (http) with context path ''
2021-07-08 12:47:25.998  INFO 21058 --- [    Test worker] c.g.b.s.web.PostsControllerTest          : Started PostsControllerTest in 4.193 seconds (JVM running for 4.983)
Hibernate: insert into posts (author, content, title) values (?, ?, ?)
2021-07-08 12:47:26.270  INFO 21058 --- [o-auto-1-exec-1] o.a.c.c.C.[Tomcat].[localhost].[/]       : Initializing Spring DispatcherServlet 'dispatcherServlet'
2021-07-08 12:47:26.270  INFO 21058 --- [o-auto-1-exec-1] o.s.web.servlet.DispatcherServlet        : Initializing Servlet 'dispatcherServlet'
2021-07-08 12:47:26.287  INFO 21058 --- [o-auto-1-exec-1] o.s.web.servlet.DispatcherServlet        : Completed initialization in 17 ms
Hibernate: select posts0_.id as id1_0_0_, posts0_.author as author2_0_0_, posts0_.content as content3_0_0_, posts0_.title as title4_0_0_ from posts posts0_ where posts0_.id=?
Hibernate: update posts set author=?, content=?, title=? where id=?
2021-07-08 12:47:26.508  INFO 21058 --- [    Test worker] o.h.h.i.QueryTranslatorFactoryInitiator  : HHH000397: Using ASTQueryTranslatorFactory
Hibernate: select posts0_.id as id1_0_, posts0_.author as author2_0_, posts0_.content as content3_0_, posts0_.title as title4_0_ from posts posts0_
Hibernate: select posts0_.id as id1_0_, posts0_.author as author2_0_, posts0_.content as content3_0_, posts0_.title as title4_0_ from posts posts0_
Hibernate: delete from posts where id=?
]]></system-out>
  <system-err><![CDATA[]]></system-err>
</testsuite>
